<?xml version="1.0" encoding="UTF-8"?>
<testsuite name="net.wukl.cacofony.mime.StrictMimeParserTest" tests="4" skipped="0" failures="0" errors="0" timestamp="2019-01-21T16:13:41" hostname="versenwald" time="0.014">
  <properties/>
  <testcase name="testAny()" classname="net.wukl.cacofony.mime.StrictMimeParserTest" time="0.011"/>
  <testcase name="testSimpleWithParameters()" classname="net.wukl.cacofony.mime.StrictMimeParserTest" time="0.0"/>
  <testcase name="testAnySubtype()" classname="net.wukl.cacofony.mime.StrictMimeParserTest" time="0.0"/>
  <testcase name="testSimple()" classname="net.wukl.cacofony.mime.StrictMimeParserTest" time="0.001"/>
  <system-out><![CDATA[]]></system-out>
  <system-err><![CDATA[]]></system-err>
</testsuite>
