<?xml version="1.0" encoding="UTF-8"?>
<testsuite name="net.wukl.cacofony.route.StaticFileRouteFactoryTest" tests="4" skipped="0" failures="0" errors="0" timestamp="2019-01-21T16:13:44" hostname="versenwald" time="0.043">
  <properties/>
  <testcase name="testRequestExistingFile()" classname="net.wukl.cacofony.route.StaticFileRouteFactoryTest" time="0.039"/>
  <testcase name="testRequestNotModified()" classname="net.wukl.cacofony.route.StaticFileRouteFactoryTest" time="0.002"/>
  <testcase name="testRequestParentPath()" classname="net.wukl.cacofony.route.StaticFileRouteFactoryTest" time="0.001"/>
  <testcase name="testRequestNonexistentFile()" classname="net.wukl.cacofony.route.StaticFileRouteFactoryTest" time="0.001"/>
  <system-out><![CDATA[]]></system-out>
  <system-err><![CDATA[]]></system-err>
</testsuite>
