<?xml version="1.0" encoding="UTF-8"?>
<testsuite name="net.wukl.cacofony.util.ObITest" tests="9" skipped="0" failures="0" errors="0" timestamp="2019-01-21T16:13:44" hostname="versenwald" time="0.002">
  <properties/>
  <testcase name="testMultiEqualsForInequalValues()" classname="net.wukl.cacofony.util.ObITest" time="0.0"/>
  <testcase name="testValidMap()" classname="net.wukl.cacofony.util.ObITest" time="0.0"/>
  <testcase name="testValidSet()" classname="net.wukl.cacofony.util.ObITest" time="0.0"/>
  <testcase name="testOddMapEntries()" classname="net.wukl.cacofony.util.ObITest" time="0.001"/>
  <testcase name="testMultiEqualsOddEntries()" classname="net.wukl.cacofony.util.ObITest" time="0.0"/>
  <testcase name="testMultiEqualsNoParameters()" classname="net.wukl.cacofony.util.ObITest" time="0.0"/>
  <testcase name="testMultiEqualsForEqualValues()" classname="net.wukl.cacofony.util.ObITest" time="0.001"/>
  <testcase name="testEmptyMap()" classname="net.wukl.cacofony.util.ObITest" time="0.0"/>
  <testcase name="testEmptySet()" classname="net.wukl.cacofony.util.ObITest" time="0.0"/>
  <system-out><![CDATA[]]></system-out>
  <system-err><![CDATA[]]></system-err>
</testsuite>
