<?xml version="1.0" encoding="UTF-8"?>
<testsuite name="net.wukl.cacofony.io.UnbufferedLineAwareInputStreamTest" tests="10" skipped="0" failures="0" errors="0" timestamp="2019-01-21T16:13:44" hostname="versenwald" time="0.003">
  <properties/>
  <testcase name="testReadLine()" classname="net.wukl.cacofony.io.UnbufferedLineAwareInputStreamTest" time="0.001"/>
  <testcase name="testUnterminatedString()" classname="net.wukl.cacofony.io.UnbufferedLineAwareInputStreamTest" time="0.0"/>
  <testcase name="testOddCodePoints()" classname="net.wukl.cacofony.io.UnbufferedLineAwareInputStreamTest" time="0.0"/>
  <testcase name="testUnterminatedStringWithTrailingCr()" classname="net.wukl.cacofony.io.UnbufferedLineAwareInputStreamTest" time="0.0"/>
  <testcase name="testDoubleCr()" classname="net.wukl.cacofony.io.UnbufferedLineAwareInputStreamTest" time="0.0"/>
  <testcase name="testReadAfterClosing()" classname="net.wukl.cacofony.io.UnbufferedLineAwareInputStreamTest" time="0.0"/>
  <testcase name="testMarkSupportedOnSupportingStream()" classname="net.wukl.cacofony.io.UnbufferedLineAwareInputStreamTest" time="0.0"/>
  <testcase name="testMarkSupportedOnNonSupportingStream()" classname="net.wukl.cacofony.io.UnbufferedLineAwareInputStreamTest" time="0.0"/>
  <testcase name="testMarkNeverFails()" classname="net.wukl.cacofony.io.UnbufferedLineAwareInputStreamTest" time="0.0"/>
  <testcase name="testMarkUnsupportedOnClosedStream()" classname="net.wukl.cacofony.io.UnbufferedLineAwareInputStreamTest" time="0.0"/>
  <system-out><![CDATA[]]></system-out>
  <system-err><![CDATA[]]></system-err>
</testsuite>
