<?xml version="1.0" encoding="UTF-8"?>
<testsuite name="net.wukl.cacofony.http.response.ResponsePreparerTest" tests="2" skipped="0" failures="0" errors="0" timestamp="2019-01-21T16:13:41" hostname="versenwald" time="0.0">
  <properties/>
  <testcase name="testHiddenServer()" classname="net.wukl.cacofony.http.response.ResponsePreparerTest" time="0.0"/>
  <testcase name="testUnpreparableResponse()" classname="net.wukl.cacofony.http.response.ResponsePreparerTest" time="0.0"/>
  <system-out><![CDATA[]]></system-out>
  <system-err><![CDATA[]]></system-err>
</testsuite>
