<?xml version="1.0" encoding="UTF-8"?>
<testsuite name="net.wukl.cacofony.http.response.file.RangeTest" tests="1" skipped="0" failures="0" errors="0" timestamp="2019-01-21T16:13:41" hostname="versenwald" time="0.011">
  <properties/>
  <testcase name="testEquals()" classname="net.wukl.cacofony.http.response.file.RangeTest" time="0.011"/>
  <system-out><![CDATA[]]></system-out>
  <system-err><![CDATA[]]></system-err>
</testsuite>
