<?xml version="1.0" encoding="UTF-8"?>
<testsuite name="net.wukl.cacofony.io.ChunkedInputStreamTest" tests="19" skipped="0" failures="0" errors="0" timestamp="2019-01-21T16:13:44" hostname="versenwald" time="0.008">
  <properties/>
  <testcase name="testReadInvalidOffset()" classname="net.wukl.cacofony.io.ChunkedInputStreamTest" time="0.0"/>
  <testcase name="testSingleReadMultipleChunks()" classname="net.wukl.cacofony.io.ChunkedInputStreamTest" time="0.001"/>
  <testcase name="testReadFromClosedStream()" classname="net.wukl.cacofony.io.ChunkedInputStreamTest" time="0.0"/>
  <testcase name="testSkipNegativeBytes()" classname="net.wukl.cacofony.io.ChunkedInputStreamTest" time="0.001"/>
  <testcase name="testReadLongLength()" classname="net.wukl.cacofony.io.ChunkedInputStreamTest" time="0.0"/>
  <testcase name="testReadNegativeLength()" classname="net.wukl.cacofony.io.ChunkedInputStreamTest" time="0.0"/>
  <testcase name="testMoreThanAvailable()" classname="net.wukl.cacofony.io.ChunkedInputStreamTest" time="0.0"/>
  <testcase name="testSkipTruncatedPacket()" classname="net.wukl.cacofony.io.ChunkedInputStreamTest" time="0.001"/>
  <testcase name="testBulkReadsSingleChunk()" classname="net.wukl.cacofony.io.ChunkedInputStreamTest" time="0.0"/>
  <testcase name="testSkipSingleChunk()" classname="net.wukl.cacofony.io.ChunkedInputStreamTest" time="0.0"/>
  <testcase name="testSkipMultiChunk()" classname="net.wukl.cacofony.io.ChunkedInputStreamTest" time="0.0"/>
  <testcase name="testSkipBeyondPacket()" classname="net.wukl.cacofony.io.ChunkedInputStreamTest" time="0.0"/>
  <testcase name="testTruncatedChunk()" classname="net.wukl.cacofony.io.ChunkedInputStreamTest" time="0.001"/>
  <testcase name="testNegativeChunkSize()" classname="net.wukl.cacofony.io.ChunkedInputStreamTest" time="0.0"/>
  <testcase name="testNonumericChunkSize()" classname="net.wukl.cacofony.io.ChunkedInputStreamTest" time="0.0"/>
  <testcase name="testBulkReadsMultipleChunks()" classname="net.wukl.cacofony.io.ChunkedInputStreamTest" time="0.0"/>
  <testcase name="testSingleReadSingleChunk()" classname="net.wukl.cacofony.io.ChunkedInputStreamTest" time="0.0"/>
  <testcase name="testReadInvalidBuffer()" classname="net.wukl.cacofony.io.ChunkedInputStreamTest" time="0.0"/>
  <testcase name="testTruncatedMultiChunk()" classname="net.wukl.cacofony.io.ChunkedInputStreamTest" time="0.0"/>
  <system-out><![CDATA[]]></system-out>
  <system-err><![CDATA[]]></system-err>
</testsuite>
