<?xml version="1.0" encoding="UTF-8"?>
<testsuite name="net.wukl.cacofony.route.PathCompilerTest" tests="5" skipped="0" failures="0" errors="0" timestamp="2019-01-21T16:13:44" hostname="versenwald" time="0.002">
  <properties/>
  <testcase name="testNormalPath()" classname="net.wukl.cacofony.route.PathCompilerTest" time="0.0"/>
  <testcase name="testParameterWithRequirementsPath()" classname="net.wukl.cacofony.route.PathCompilerTest" time="0.0"/>
  <testcase name="testParameterPath()" classname="net.wukl.cacofony.route.PathCompilerTest" time="0.001"/>
  <testcase name="testUnterminatedParameterBlock()" classname="net.wukl.cacofony.route.PathCompilerTest" time="0.0"/>
  <testcase name="testBadParameterName()" classname="net.wukl.cacofony.route.PathCompilerTest" time="0.001"/>
  <system-out><![CDATA[]]></system-out>
  <system-err><![CDATA[]]></system-err>
</testsuite>
