<?xml version="1.0" encoding="UTF-8"?>
<testsuite name="net.wukl.cacofony.http.request.CombinedGzipChunkedRequestTest" tests="1" skipped="0" failures="0" errors="0" timestamp="2019-01-21T16:13:42" hostname="versenwald" time="0.003">
  <properties/>
  <testcase name="test()" classname="net.wukl.cacofony.http.request.CombinedGzipChunkedRequestTest" time="0.003"/>
  <system-out><![CDATA[]]></system-out>
  <system-err><![CDATA[]]></system-err>
</testsuite>
