<?xml version="1.0" encoding="UTF-8"?>
<testsuite name="net.wukl.cacofony.io.ChunkedStreamRoundtripTest" tests="1" skipped="0" failures="0" errors="0" timestamp="2019-01-21T16:13:43" hostname="versenwald" time="1.121">
  <properties/>
  <testcase name="testBigDataSet()" classname="net.wukl.cacofony.io.ChunkedStreamRoundtripTest" time="1.121"/>
  <system-out><![CDATA[]]></system-out>
  <system-err><![CDATA[]]></system-err>
</testsuite>
