<?xml version="1.0" encoding="UTF-8"?>
<testsuite name="net.wukl.cacofony.server.ListenerTest" tests="4" skipped="0" failures="0" errors="0" timestamp="2019-01-21T16:13:42" hostname="versenwald" time="0.182">
  <properties/>
  <testcase name="testCloseCalled(String)[1]" classname="net.wukl.cacofony.server.ListenerTest" time="0.173"/>
  <testcase name="testCloseCalled(String)[2]" classname="net.wukl.cacofony.server.ListenerTest" time="0.003"/>
  <testcase name="testHandleCalled(String)[1]" classname="net.wukl.cacofony.server.ListenerTest" time="0.003"/>
  <testcase name="testHandleCalled(String)[2]" classname="net.wukl.cacofony.server.ListenerTest" time="0.002"/>
  <system-out><![CDATA[]]></system-out>
  <system-err><![CDATA[]]></system-err>
</testsuite>
