<?xml version="1.0" encoding="UTF-8"?>
<testsuite name="net.wukl.cacofony.mime.MimeGuesserTest" tests="6" skipped="0" failures="0" errors="0" timestamp="2019-01-21T16:13:41" hostname="versenwald" time="0.264">
  <properties/>
  <testcase name="testLazyExtension()" classname="net.wukl.cacofony.mime.MimeGuesserTest" time="0.198"/>
  <testcase name="testLocalResource()" classname="net.wukl.cacofony.mime.MimeGuesserTest" time="0.0"/>
  <testcase name="testLocalResourceWithoutExtension()" classname="net.wukl.cacofony.mime.MimeGuesserTest" time="0.052"/>
  <testcase name="testLocalResourceUnknown()" classname="net.wukl.cacofony.mime.MimeGuesserTest" time="0.004"/>
  <testcase name="testUnknownFile()" classname="net.wukl.cacofony.mime.MimeGuesserTest" time="0.006"/>
  <testcase name="testExistingFile()" classname="net.wukl.cacofony.mime.MimeGuesserTest" time="0.001"/>
  <system-out><![CDATA[]]></system-out>
  <system-err><![CDATA[SLF4J: No SLF4J providers were found.
SLF4J: Defaulting to no-operation (NOP) logger implementation
SLF4J: See http://www.slf4j.org/codes.html#noProviders for further details.
SLF4J: Class path contains SLF4J bindings targeting slf4j-api versions prior to 1.8.
SLF4J: Ignoring binding found at [jar:file:/home/luc/.gradle/caches/modules-2/files-2.1/ch.qos.logback/logback-classic/1.2.3/7c4f3c474fb2c041d8028740440937705ebb473a/logback-classic-1.2.3.jar!/org/slf4j/impl/StaticLoggerBinder.class]
SLF4J: See http://www.slf4j.org/codes.html#ignoredBindings for an explanation.
]]></system-err>
</testsuite>
