<?xml version="1.0" encoding="UTF-8"?>
<testsuite name="net.wukl.cacofony.io.HttpInputStreamTest" tests="18" skipped="0" failures="0" errors="0" timestamp="2019-01-21T16:13:44" hostname="versenwald" time="0.064">
  <properties/>
  <testcase name="testReadLine()" classname="net.wukl.cacofony.io.HttpInputStreamTest" time="0.001"/>
  <testcase name="testUnterminatedString()" classname="net.wukl.cacofony.io.HttpInputStreamTest" time="0.0"/>
  <testcase name="testOddCodePoints()" classname="net.wukl.cacofony.io.HttpInputStreamTest" time="0.0"/>
  <testcase name="testUnterminatedStringWithTrailingCr()" classname="net.wukl.cacofony.io.HttpInputStreamTest" time="0.0"/>
  <testcase name="testDoubleCr()" classname="net.wukl.cacofony.io.HttpInputStreamTest" time="0.0"/>
  <testcase name="testReadInvalidOffset()" classname="net.wukl.cacofony.io.HttpInputStreamTest" time="0.0"/>
  <testcase name="testConstructorWithInvalidSource()" classname="net.wukl.cacofony.io.HttpInputStreamTest" time="0.001"/>
  <testcase name="testReadFromClosedStream()" classname="net.wukl.cacofony.io.HttpInputStreamTest" time="0.0"/>
  <testcase name="testReadLongLength()" classname="net.wukl.cacofony.io.HttpInputStreamTest" time="0.0"/>
  <testcase name="testRead()" classname="net.wukl.cacofony.io.HttpInputStreamTest" time="0.0"/>
  <testcase name="testReadNegativeLength()" classname="net.wukl.cacofony.io.HttpInputStreamTest" time="0.0"/>
  <testcase name="testReadLots()" classname="net.wukl.cacofony.io.HttpInputStreamTest" time="0.03"/>
  <testcase name="testAvailable()" classname="net.wukl.cacofony.io.HttpInputStreamTest" time="0.0"/>
  <testcase name="testConstructorWithInvalidSize()" classname="net.wukl.cacofony.io.HttpInputStreamTest" time="0.001"/>
  <testcase name="testReadLotsIntoBuffer()" classname="net.wukl.cacofony.io.HttpInputStreamTest" time="0.027"/>
  <testcase name="testReadMoreDataThanAvailable()" classname="net.wukl.cacofony.io.HttpInputStreamTest" time="0.0"/>
  <testcase name="testReadSmallAmountIntoBuffer()" classname="net.wukl.cacofony.io.HttpInputStreamTest" time="0.001"/>
  <testcase name="testReadInvalidBuffer()" classname="net.wukl.cacofony.io.HttpInputStreamTest" time="0.0"/>
  <system-out><![CDATA[]]></system-out>
  <system-err><![CDATA[]]></system-err>
</testsuite>
