<?xml version="1.0" encoding="UTF-8"?>
<testsuite name="net.wukl.cacofony.route.ActionInvokerTest" tests="2" skipped="0" failures="0" errors="0" timestamp="2019-01-21T16:13:44" hostname="versenwald" time="0.033">
  <properties/>
  <testcase name="testNoParameter()" classname="net.wukl.cacofony.route.ActionInvokerTest" time="0.032"/>
  <testcase name="testRequestParameter()" classname="net.wukl.cacofony.route.ActionInvokerTest" time="0.0"/>
  <system-out><![CDATA[]]></system-out>
  <system-err><![CDATA[]]></system-err>
</testsuite>
