<?xml version="1.0" encoding="UTF-8"?>
<testsuite name="net.wukl.cacofony.http.request.FormParserTest" tests="3" skipped="0" failures="0" errors="0" timestamp="2019-01-21T16:13:42" hostname="versenwald" time="0.001">
  <properties/>
  <testcase name="testMulti()" classname="net.wukl.cacofony.http.request.FormParserTest" time="0.001"/>
  <testcase name="testValueless()" classname="net.wukl.cacofony.http.request.FormParserTest" time="0.0"/>
  <testcase name="testSingle()" classname="net.wukl.cacofony.http.request.FormParserTest" time="0.0"/>
  <system-out><![CDATA[]]></system-out>
  <system-err><![CDATA[]]></system-err>
</testsuite>
