<?xml version="1.0" encoding="UTF-8"?>
<testsuite name="net.wukl.cacofony.server.host.HostBuilderTest" tests="1" skipped="0" failures="0" errors="0" timestamp="2019-01-21T16:13:43" hostname="versenwald" time="0.021">
  <properties/>
  <testcase name="testDependencyInheritance()" classname="net.wukl.cacofony.server.host.HostBuilderTest" time="0.021"/>
  <system-out><![CDATA[]]></system-out>
  <system-err><![CDATA[]]></system-err>
</testsuite>
