<?xml version="1.0" encoding="UTF-8"?>
<testsuite name="net.wukl.cacofony.mime.MimeTypeTest" tests="8" skipped="0" failures="0" errors="0" timestamp="2019-01-21T16:13:41" hostname="versenwald" time="0.013">
  <properties/>
  <testcase name="testEqualsWrongTypes()" classname="net.wukl.cacofony.mime.MimeTypeTest" time="0.007"/>
  <testcase name="testToString()" classname="net.wukl.cacofony.mime.MimeTypeTest" time="0.001"/>
  <testcase name="testEqualsFullWildcard()" classname="net.wukl.cacofony.mime.MimeTypeTest" time="0.0"/>
  <testcase name="testEqualsDifferentSubtype()" classname="net.wukl.cacofony.mime.MimeTypeTest" time="0.001"/>
  <testcase name="testEqualsDifferentValues()" classname="net.wukl.cacofony.mime.MimeTypeTest" time="0.0"/>
  <testcase name="testEqualsSubWildcard()" classname="net.wukl.cacofony.mime.MimeTypeTest" time="0.0"/>
  <testcase name="testEqualsSameValues()" classname="net.wukl.cacofony.mime.MimeTypeTest" time="0.001"/>
  <testcase name="testEqualsDifferentMainType()" classname="net.wukl.cacofony.mime.MimeTypeTest" time="0.0"/>
  <system-out><![CDATA[]]></system-out>
  <system-err><![CDATA[]]></system-err>
</testsuite>
