<?xml version="1.0" encoding="UTF-8"?>
<testsuite name="net.wukl.cacofony.server.host.TestControllerPackage" tests="1" skipped="0" failures="0" errors="0" timestamp="2019-01-21T16:13:43" hostname="versenwald" time="0.0">
  <properties/>
  <testcase name="testConstructor()" classname="net.wukl.cacofony.server.host.TestControllerPackage" time="0.0"/>
  <system-out><![CDATA[]]></system-out>
  <system-err><![CDATA[]]></system-err>
</testsuite>
