<?xml version="1.0" encoding="UTF-8"?>
<testsuite name="net.wukl.cacofony.server.ConnectionHandlerTest" tests="6" skipped="0" failures="0" errors="0" timestamp="2019-01-21T16:13:42" hostname="versenwald" time="0.488">
  <properties/>
  <testcase name="testHttp11SequenceClosing(String)[1]" classname="net.wukl.cacofony.server.ConnectionHandlerTest" time="0.463"/>
  <testcase name="testHttp11SequenceClosing(String)[2]" classname="net.wukl.cacofony.server.ConnectionHandlerTest" time="0.003"/>
  <testcase name="testHttp10SequenceClosing(String)[1]" classname="net.wukl.cacofony.server.ConnectionHandlerTest" time="0.003"/>
  <testcase name="testHttp10SequenceClosing(String)[2]" classname="net.wukl.cacofony.server.ConnectionHandlerTest" time="0.002"/>
  <testcase name="testBadRequest(String)[1]" classname="net.wukl.cacofony.server.ConnectionHandlerTest" time="0.009"/>
  <testcase name="testBadRequest(String)[2]" classname="net.wukl.cacofony.server.ConnectionHandlerTest" time="0.002"/>
  <system-out><![CDATA[]]></system-out>
  <system-err><![CDATA[]]></system-err>
</testsuite>
