<?xml version="1.0" encoding="UTF-8"?>
<testsuite name="net.wukl.cacofony.io.ChunkedOutputStreamTest" tests="12" skipped="0" failures="0" errors="0" timestamp="2019-01-21T16:13:44" hostname="versenwald" time="0.004">
  <properties/>
  <testcase name="testSingleWriteToClosedStream()" classname="net.wukl.cacofony.io.ChunkedOutputStreamTest" time="0.0"/>
  <testcase name="testInvalidWriteBuffer()" classname="net.wukl.cacofony.io.ChunkedOutputStreamTest" time="0.001"/>
  <testcase name="testConstructWithBadSize()" classname="net.wukl.cacofony.io.ChunkedOutputStreamTest" time="0.0"/>
  <testcase name="testOobWrite()" classname="net.wukl.cacofony.io.ChunkedOutputStreamTest" time="0.0"/>
  <testcase name="testSuccessiveSingleWrites()" classname="net.wukl.cacofony.io.ChunkedOutputStreamTest" time="0.001"/>
  <testcase name="testCloseImmediately()" classname="net.wukl.cacofony.io.ChunkedOutputStreamTest" time="0.0"/>
  <testcase name="testInvalidLength()" classname="net.wukl.cacofony.io.ChunkedOutputStreamTest" time="0.0"/>
  <testcase name="testSmallWrite()" classname="net.wukl.cacofony.io.ChunkedOutputStreamTest" time="0.0"/>
  <testcase name="testInvalidOffset()" classname="net.wukl.cacofony.io.ChunkedOutputStreamTest" time="0.001"/>
  <testcase name="testWriteAcrossChunks()" classname="net.wukl.cacofony.io.ChunkedOutputStreamTest" time="0.0"/>
  <testcase name="testBulkWriteToClosedStream()" classname="net.wukl.cacofony.io.ChunkedOutputStreamTest" time="0.0"/>
  <testcase name="testWriteBulkIntoNearlyFull()" classname="net.wukl.cacofony.io.ChunkedOutputStreamTest" time="0.001"/>
  <system-out><![CDATA[]]></system-out>
  <system-err><![CDATA[]]></system-err>
</testsuite>
