<?xml version="1.0" encoding="UTF-8"?>
<testsuite name="net.wukl.cacofony.http.cookie.SimpleCookieParserTest" tests="6" skipped="0" failures="0" errors="0" timestamp="2019-01-21T16:13:41" hostname="versenwald" time="0.004">
  <properties/>
  <testcase name="testSingleValued()" classname="net.wukl.cacofony.http.cookie.SimpleCookieParserTest" time="0.001"/>
  <testcase name="testNullLine()" classname="net.wukl.cacofony.http.cookie.SimpleCookieParserTest" time="0.0"/>
  <testcase name="testEmptyLine()" classname="net.wukl.cacofony.http.cookie.SimpleCookieParserTest" time="0.0"/>
  <testcase name="testMultiWithTrailingInvalid()" classname="net.wukl.cacofony.http.cookie.SimpleCookieParserTest" time="0.0"/>
  <testcase name="testSingleInvalid()" classname="net.wukl.cacofony.http.cookie.SimpleCookieParserTest" time="0.0"/>
  <testcase name="testMultiWithInvalid()" classname="net.wukl.cacofony.http.cookie.SimpleCookieParserTest" time="0.0"/>
  <system-out><![CDATA[]]></system-out>
  <system-err><![CDATA[]]></system-err>
</testsuite>
