<?xml version="1.0" encoding="UTF-8"?>
<testsuite name="net.wukl.cacofony.http.response.file.CachableResponseTest" tests="4" skipped="0" failures="0" errors="0" timestamp="2019-01-21T16:13:41" hostname="versenwald" time="0.024">
  <properties/>
  <testcase name="testEtag()" classname="net.wukl.cacofony.http.response.file.CachableResponseTest" time="0.02"/>
  <testcase name="testNoMaxAge()" classname="net.wukl.cacofony.http.response.file.CachableResponseTest" time="0.003"/>
  <testcase name="testMaxAge()" classname="net.wukl.cacofony.http.response.file.CachableResponseTest" time="0.001"/>
  <testcase name="testNoEtag()" classname="net.wukl.cacofony.http.response.file.CachableResponseTest" time="0.0"/>
  <system-out><![CDATA[]]></system-out>
  <system-err><![CDATA[]]></system-err>
</testsuite>
