<?xml version="1.0" encoding="UTF-8"?>
<testsuite name="net.wukl.cacofony.route.CompiledPathTest" tests="1" skipped="0" failures="0" errors="0" timestamp="2019-01-21T16:13:44" hostname="versenwald" time="0.127">
  <properties/>
  <testcase name="testEquals()" classname="net.wukl.cacofony.route.CompiledPathTest" time="0.127"/>
  <system-out><![CDATA[]]></system-out>
  <system-err><![CDATA[]]></system-err>
</testsuite>
