<?xml version="1.0" encoding="UTF-8"?>
<testsuite name="net.wukl.cacofony.http.request.QueryStringParserTest" tests="5" skipped="0" failures="0" errors="0" timestamp="2019-01-21T16:13:42" hostname="versenwald" time="0.002">
  <properties/>
  <testcase name="testSimpleMulti()" classname="net.wukl.cacofony.http.request.QueryStringParserTest" time="0.0"/>
  <testcase name="testUnvaluedMulti()" classname="net.wukl.cacofony.http.request.QueryStringParserTest" time="0.001"/>
  <testcase name="testEmpty()" classname="net.wukl.cacofony.http.request.QueryStringParserTest" time="0.0"/>
  <testcase name="testEscapedMulti()" classname="net.wukl.cacofony.http.request.QueryStringParserTest" time="0.001"/>
  <testcase name="testSimpleSingle()" classname="net.wukl.cacofony.http.request.QueryStringParserTest" time="0.0"/>
  <system-out><![CDATA[]]></system-out>
  <system-err><![CDATA[]]></system-err>
</testsuite>
